<?xml version="1.0" encoding="UTF-8"?>
<coverage generated="1618941533782" clover="3.2.0">
  <project timestamp="1618941533783" name="All files">
    <metrics statements="111" coveredstatements="94" conditionals="22" coveredconditionals="14" methods="47" coveredmethods="31" elements="180" coveredelements="139" complexity="0" loc="111" ncloc="111" packages="2" files="3" classes="3"/>
    <package name="src">
      <metrics statements="66" coveredstatements="59" conditionals="8" coveredconditionals="7" methods="36" coveredmethods="27"/>
      <file name="entities.ts" path="/Users/ericmoore/Web/emoo-re/src/entities.ts">
        <metrics statements="66" coveredstatements="59" conditionals="8" coveredconditionals="7" methods="36" coveredmethods="27"/>
        <line num="3" count="3" type="stmt"/>
        <line num="4" count="3" type="stmt"/>
        <line num="6" count="3" type="stmt"/>
        <line num="7" count="3" type="stmt"/>
        <line num="10" count="3" type="stmt"/>
        <line num="11" count="3" type="stmt"/>
        <line num="73" count="525" type="stmt"/>
        <line num="75" count="3" type="stmt"/>
        <line num="82" count="27" type="stmt"/>
        <line num="96" count="3" type="stmt"/>
        <line num="97" count="1" type="stmt"/>
        <line num="98" count="1" type="stmt"/>
        <line num="99" count="1" type="stmt"/>
        <line num="111" count="4" type="stmt"/>
        <line num="112" count="4" type="stmt"/>
        <line num="125" count="3" type="stmt"/>
        <line num="126" count="1" type="stmt"/>
        <line num="127" count="1" type="stmt"/>
        <line num="128" count="0" type="stmt"/>
        <line num="137" count="1" type="stmt"/>
        <line num="138" count="1" type="stmt"/>
        <line num="143" count="3" type="stmt"/>
        <line num="144" count="1" type="stmt"/>
        <line num="145" count="1" type="stmt"/>
        <line num="146" count="0" type="stmt"/>
        <line num="147" count="0" type="stmt"/>
        <line num="165" count="1" type="stmt"/>
        <line num="166" count="1" type="stmt"/>
        <line num="171" count="3" type="stmt"/>
        <line num="172" count="5" type="stmt"/>
        <line num="173" count="9" type="stmt"/>
        <line num="174" count="8" type="stmt"/>
        <line num="189" count="501" type="stmt"/>
        <line num="191" count="501" type="stmt"/>
        <line num="196" count="3" type="stmt"/>
        <line num="199" count="18" type="stmt"/>
        <line num="201" count="3" type="stmt"/>
        <line num="202" count="3" type="stmt"/>
        <line num="204" count="3" type="stmt"/>
        <line num="205" count="3" type="stmt"/>
        <line num="207" count="3" type="stmt"/>
        <line num="208" count="3" type="stmt"/>
        <line num="210" count="3" type="stmt"/>
        <line num="211" count="3" type="stmt"/>
        <line num="213" count="3" type="stmt"/>
        <line num="214" count="3" type="stmt"/>
        <line num="216" count="3" type="stmt"/>
        <line num="217" count="3" type="stmt"/>
        <line num="220" count="18" type="stmt"/>
        <line num="222" count="18" type="stmt"/>
        <line num="223" count="6" type="stmt"/>
        <line num="224" count="6" type="cond" truecount="1" falsecount="1"/>
        <line num="225" count="0" type="stmt"/>
        <line num="226" count="0" type="stmt"/>
        <line num="227" count="0" type="stmt"/>
        <line num="228" count="0" type="stmt"/>
        <line num="235" count="6" type="stmt"/>
        <line num="240" count="6" type="stmt"/>
        <line num="241" count="6" type="stmt"/>
        <line num="245" count="18" type="stmt"/>
        <line num="248" count="3" type="stmt"/>
        <line num="249" count="3" type="stmt"/>
        <line num="250" count="3" type="stmt"/>
        <line num="251" count="3" type="stmt"/>
        <line num="252" count="3" type="stmt"/>
        <line num="253" count="3" type="stmt"/>
      </file>
    </package>
    <package name="src.utils">
      <metrics statements="45" coveredstatements="35" conditionals="14" coveredconditionals="7" methods="11" coveredmethods="4"/>
      <file name="batchChunks.ts" path="/Users/ericmoore/Web/emoo-re/src/utils/batchChunks.ts">
        <metrics statements="19" coveredstatements="9" conditionals="10" coveredconditionals="4" methods="7" coveredmethods="1"/>
        <line num="1" count="8" type="cond" truecount="1" falsecount="1"/>
        <line num="2" count="24" type="cond" truecount="2" falsecount="0"/>
        <line num="3" count="20" type="stmt"/>
        <line num="4" count="20" type="stmt"/>
        <line num="5" count="40" type="stmt"/>
        <line num="7" count="4" type="cond" truecount="1" falsecount="0"/>
        <line num="13" count="1" type="stmt"/>
        <line num="14" count="0" type="cond" truecount="0" falsecount="2"/>
        <line num="16" count="0" type="stmt"/>
        <line num="17" count="0" type="stmt"/>
        <line num="18" count="0" type="stmt"/>
        <line num="20" count="0" type="cond" truecount="0" falsecount="1"/>
        <line num="24" count="1" type="stmt"/>
        <line num="28" count="0" type="stmt"/>
        <line num="30" count="0" type="stmt"/>
        <line num="31" count="0" type="stmt"/>
        <line num="32" count="0" type="cond" truecount="0" falsecount="2"/>
        <line num="34" count="0" type="stmt"/>
        <line num="37" count="1" type="stmt"/>
      </file>
      <file name="dateFmt.ts" path="/Users/ericmoore/Web/emoo-re/src/utils/dateFmt.ts">
        <metrics statements="26" coveredstatements="26" conditionals="4" coveredconditionals="3" methods="4" coveredmethods="3"/>
        <line num="22" count="51" type="cond" truecount="1" falsecount="1"/>
        <line num="23" count="133" type="stmt"/>
        <line num="24" count="51" type="stmt"/>
        <line num="25" count="51" type="stmt"/>
        <line num="26" count="51" type="stmt"/>
        <line num="27" count="19" type="stmt"/>
        <line num="28" count="19" type="stmt"/>
        <line num="29" count="19" type="stmt"/>
        <line num="30" count="19" type="stmt"/>
        <line num="31" count="19" type="stmt"/>
        <line num="32" count="19" type="stmt"/>
        <line num="33" count="19" type="stmt"/>
        <line num="34" count="19" type="stmt"/>
        <line num="35" count="19" type="stmt"/>
        <line num="36" count="19" type="stmt"/>
        <line num="37" count="19" type="stmt"/>
        <line num="38" count="19" type="cond" truecount="2" falsecount="0"/>
        <line num="39" count="19" type="stmt"/>
        <line num="41" count="19" type="stmt"/>
        <line num="57" count="4" type="stmt"/>
        <line num="59" count="4" type="stmt"/>
        <line num="60" count="4" type="stmt"/>
        <line num="61" count="4" type="stmt"/>
        <line num="62" count="4" type="stmt"/>
        <line num="63" count="4" type="stmt"/>
        <line num="65" count="4" type="stmt"/>
      </file>
    </package>
  </project>
</coverage>
