{"/Users/ericmoore/Web/emoo-re/src/entities.ts": {"path":"/Users/ericmoore/Web/emoo-re/src/entities.ts","statementMap":{"0":{"start":{"line":3,"column":0},"end":{"line":3,"column":60}},"1":{"start":{"line":4,"column":0},"end":{"line":4,"column":48}},"2":{"start":{"line":6,"column":0},"end":{"line":6,"column":37}},"3":{"start":{"line":7,"column":0},"end":{"line":7,"column":25}},"4":{"start":{"line":10,"column":20},"end":{"line":10,"column":72}},"5":{"start":{"line":11,"column":18},"end":{"line":11,"column":83}},"6":{"start":{"line":73,"column":21},"end":{"line":73,"column":31}},"7":{"start":{"line":73,"column":27},"end":{"line":73,"column":38}},"8":{"start":{"line":73,"column":13},"end":{"line":73,"column":21}},"9":{"start":{"line":75,"column":13},"end":{"line":80,"column":null}},"10":{"start":{"line":82,"column":32},"end":{"line":82,"column":null}},"11":{"start":{"line":82,"column":75},"end":{"line":86,"column":null}},"12":{"start":{"line":82,"column":13},"end":{"line":82,"column":32}},"13":{"start":{"line":96,"column":13},"end":{"line":115,"column":null}},"14":{"start":{"line":97,"column":31},"end":{"line":97,"column":null}},"15":{"start":{"line":98,"column":31},"end":{"line":98,"column":null}},"16":{"start":{"line":99,"column":29},"end":{"line":99,"column":null}},"17":{"start":{"line":111,"column":108},"end":{"line":111,"column":127}},"18":{"start":{"line":112,"column":89},"end":{"line":112,"column":108}},"19":{"start":{"line":125,"column":13},"end":{"line":141,"column":null}},"20":{"start":{"line":126,"column":31},"end":{"line":126,"column":null}},"21":{"start":{"line":127,"column":31},"end":{"line":127,"column":null}},"22":{"start":{"line":128,"column":29},"end":{"line":128,"column":null}},"23":{"start":{"line":137,"column":89},"end":{"line":137,"column":108}},"24":{"start":{"line":138,"column":84},"end":{"line":138,"column":103}},"25":{"start":{"line":143,"column":13},"end":{"line":169,"column":null}},"26":{"start":{"line":144,"column":29},"end":{"line":144,"column":null}},"27":{"start":{"line":145,"column":29},"end":{"line":145,"column":null}},"28":{"start":{"line":146,"column":52},"end":{"line":146,"column":null}},"29":{"start":{"line":146,"column":69},"end":{"line":146,"column":199}},"30":{"start":{"line":147,"column":73},"end":{"line":153,"column":null}},"31":{"start":{"line":165,"column":89},"end":{"line":165,"column":108}},"32":{"start":{"line":166,"column":84},"end":{"line":166,"column":104}},"33":{"start":{"line":171,"column":13},"end":{"line":194,"column":null}},"34":{"start":{"line":172,"column":28},"end":{"line":172,"column":null}},"35":{"start":{"line":173,"column":25},"end":{"line":173,"column":null}},"36":{"start":{"line":174,"column":44},"end":{"line":174,"column":null}},"37":{"start":{"line":174,"column":49},"end":{"line":174,"column":null}},"38":{"start":{"line":189,"column":70},"end":{"line":189,"column":89}},"39":{"start":{"line":191,"column":83},"end":{"line":191,"column":128}},"40":{"start":{"line":196,"column":29},"end":{"line":246,"column":1}},"41":{"start":{"line":199,"column":2},"end":{"line":218,"column":null}},"42":{"start":{"line":201,"column":6},"end":{"line":201,"column":null}},"43":{"start":{"line":202,"column":6},"end":{"line":202,"column":11}},"44":{"start":{"line":204,"column":6},"end":{"line":204,"column":null}},"45":{"start":{"line":205,"column":6},"end":{"line":205,"column":11}},"46":{"start":{"line":207,"column":6},"end":{"line":207,"column":null}},"47":{"start":{"line":208,"column":6},"end":{"line":208,"column":11}},"48":{"start":{"line":210,"column":6},"end":{"line":210,"column":null}},"49":{"start":{"line":211,"column":6},"end":{"line":211,"column":11}},"50":{"start":{"line":213,"column":6},"end":{"line":213,"column":null}},"51":{"start":{"line":214,"column":6},"end":{"line":214,"column":11}},"52":{"start":{"line":216,"column":6},"end":{"line":216,"column":null}},"53":{"start":{"line":217,"column":6},"end":{"line":217,"column":11}},"54":{"start":{"line":220,"column":18},"end":{"line":220,"column":34}},"55":{"start":{"line":222,"column":14},"end":{"line":244,"column":null}},"56":{"start":{"line":223,"column":30},"end":{"line":223,"column":null}},"57":{"start":{"line":224,"column":43},"end":{"line":224,"column":null}},"58":{"start":{"line":225,"column":14},"end":{"line":225,"column":null}},"59":{"start":{"line":226,"column":66},"end":{"line":227,"column":null}},"60":{"start":{"line":227,"column":60},"end":{"line":227,"column":120}},"61":{"start":{"line":228,"column":64},"end":{"line":228,"column":null}},"62":{"start":{"line":228,"column":113},"end":{"line":228,"column":160}},"63":{"start":{"line":235,"column":94},"end":{"line":235,"column":113}},"64":{"start":{"line":240,"column":91},"end":{"line":240,"column":126}},"65":{"start":{"line":241,"column":89},"end":{"line":241,"column":111}},"66":{"start":{"line":245,"column":2},"end":{"line":245,"column":null}},"67":{"start":{"line":248,"column":13},"end":{"line":248,"column":93}},"68":{"start":{"line":249,"column":13},"end":{"line":249,"column":93}},"69":{"start":{"line":250,"column":13},"end":{"line":250,"column":92}},"70":{"start":{"line":251,"column":13},"end":{"line":251,"column":93}},"71":{"start":{"line":252,"column":13},"end":{"line":252,"column":99}},"72":{"start":{"line":253,"column":13},"end":{"line":253,"column":96}}},"fnMap":{"0":{"name":"(anonymous_16)","decl":{"start":{"line":73,"column":21},"end":{"line":73,"column":27}},"loc":{"start":{"line":73,"column":21},"end":{"line":73,"column":31}}},"1":{"name":"(anonymous_17)","decl":{"start":{"line":82,"column":32},"end":{"line":82,"column":33}},"loc":{"start":{"line":82,"column":52},"end":{"line":82,"column":null}}},"2":{"name":"(anonymous_18)","decl":{"start":{"line":97,"column":6},"end":{"line":97,"column":7}},"loc":{"start":{"line":97,"column":26},"end":{"line":97,"column":36}}},"3":{"name":"(anonymous_19)","decl":{"start":{"line":98,"column":6},"end":{"line":98,"column":7}},"loc":{"start":{"line":98,"column":26},"end":{"line":98,"column":36}}},"4":{"name":"(anonymous_20)","decl":{"start":{"line":99,"column":7},"end":{"line":99,"column":8}},"loc":{"start":{"line":99,"column":24},"end":{"line":99,"column":33}}},"5":{"name":"(anonymous_21)","decl":{"start":{"line":111,"column":75},"end":{"line":111,"column":76}},"loc":{"start":{"line":111,"column":103},"end":{"line":111,"column":113}}},"6":{"name":"(anonymous_22)","decl":{"start":{"line":112,"column":70},"end":{"line":112,"column":71}},"loc":{"start":{"line":112,"column":84},"end":{"line":112,"column":94}}},"7":{"name":"(anonymous_23)","decl":{"start":{"line":126,"column":6},"end":{"line":126,"column":7}},"loc":{"start":{"line":126,"column":26},"end":{"line":126,"column":36}}},"8":{"name":"(anonymous_24)","decl":{"start":{"line":127,"column":6},"end":{"line":127,"column":7}},"loc":{"start":{"line":127,"column":26},"end":{"line":127,"column":36}}},"9":{"name":"(anonymous_25)","decl":{"start":{"line":128,"column":7},"end":{"line":128,"column":8}},"loc":{"start":{"line":128,"column":24},"end":{"line":128,"column":33}}},"10":{"name":"(anonymous_26)","decl":{"start":{"line":137,"column":75},"end":{"line":137,"column":76}},"loc":{"start":{"line":137,"column":84},"end":{"line":137,"column":94}}},"11":{"name":"(anonymous_27)","decl":{"start":{"line":138,"column":70},"end":{"line":138,"column":71}},"loc":{"start":{"line":138,"column":79},"end":{"line":138,"column":89}}},"12":{"name":"(anonymous_28)","decl":{"start":{"line":144,"column":6},"end":{"line":144,"column":7}},"loc":{"start":{"line":144,"column":24},"end":{"line":144,"column":34}}},"13":{"name":"(anonymous_29)","decl":{"start":{"line":145,"column":6},"end":{"line":145,"column":7}},"loc":{"start":{"line":145,"column":24},"end":{"line":145,"column":35}}},"14":{"name":"(anonymous_30)","decl":{"start":{"line":146,"column":12},"end":{"line":146,"column":13}},"loc":{"start":{"line":146,"column":47},"end":{"line":146,"column":53}}},"15":{"name":"(anonymous_31)","decl":{"start":{"line":146,"column":64},"end":{"line":146,"column":65}},"loc":{"start":{"line":146,"column":65},"end":{"line":146,"column":77}}},"16":{"name":"(anonymous_32)","decl":{"start":{"line":147,"column":14},"end":{"line":147,"column":15}},"loc":{"start":{"line":147,"column":68},"end":{"line":147,"column":81}}},"17":{"name":"(anonymous_33)","decl":{"start":{"line":165,"column":75},"end":{"line":165,"column":76}},"loc":{"start":{"line":165,"column":84},"end":{"line":165,"column":94}}},"18":{"name":"(anonymous_34)","decl":{"start":{"line":166,"column":70},"end":{"line":166,"column":71}},"loc":{"start":{"line":166,"column":79},"end":{"line":166,"column":90}}},"19":{"name":"(anonymous_35)","decl":{"start":{"line":172,"column":6},"end":{"line":172,"column":7}},"loc":{"start":{"line":172,"column":23},"end":{"line":172,"column":33}}},"20":{"name":"(anonymous_36)","decl":{"start":{"line":173,"column":6},"end":{"line":173,"column":7}},"loc":{"start":{"line":173,"column":20},"end":{"line":173,"column":32}}},"21":{"name":"(anonymous_37)","decl":{"start":{"line":174,"column":14},"end":{"line":174,"column":21}},"loc":{"start":{"line":174,"column":44},"end":{"line":174,"column":null}}},"22":{"name":"(anonymous_38)","decl":{"start":{"line":174,"column":44},"end":{"line":174,"column":49}},"loc":{"start":{"line":174,"column":44},"end":{"line":174,"column":null}}},"23":{"name":"(anonymous_40)","decl":{"start":{"line":189,"column":56},"end":{"line":189,"column":57}},"loc":{"start":{"line":189,"column":65},"end":{"line":189,"column":75}}},"24":{"name":"(anonymous_41)","decl":{"start":{"line":191,"column":69},"end":{"line":191,"column":70}},"loc":{"start":{"line":191,"column":78},"end":{"line":191,"column":90}}},"25":{"name":"(anonymous_42)","decl":{"start":{"line":196,"column":29},"end":{"line":196,"column":30}},"loc":{"start":{"line":196,"column":91},"end":{"line":246,"column":1}}},"26":{"name":"(anonymous_43)","decl":{"start":{"line":223,"column":8},"end":{"line":223,"column":9}},"loc":{"start":{"line":223,"column":25},"end":{"line":223,"column":37}}},"27":{"name":"(anonymous_44)","decl":{"start":{"line":224,"column":8},"end":{"line":224,"column":9}},"loc":{"start":{"line":224,"column":38},"end":{"line":224,"column":48}}},"28":{"name":"(anonymous_45)","decl":{"start":{"line":225,"column":8},"end":{"line":225,"column":14}},"loc":{"start":{"line":225,"column":8},"end":{"line":225,"column":24}}},"29":{"name":"(anonymous_46)","decl":{"start":{"line":226,"column":16},"end":{"line":226,"column":17}},"loc":{"start":{"line":226,"column":61},"end":{"line":226,"column":69}}},"30":{"name":"(anonymous_47)","decl":{"start":{"line":227,"column":29},"end":{"line":227,"column":30}},"loc":{"start":{"line":227,"column":55},"end":{"line":227,"column":63}}},"31":{"name":"(anonymous_48)","decl":{"start":{"line":228,"column":14},"end":{"line":228,"column":15}},"loc":{"start":{"line":228,"column":59},"end":{"line":228,"column":67}}},"32":{"name":"(anonymous_49)","decl":{"start":{"line":228,"column":101},"end":{"line":228,"column":109}},"loc":{"start":{"line":228,"column":109},"end":{"line":228,"column":116}}},"33":{"name":"(anonymous_50)","decl":{"start":{"line":235,"column":80},"end":{"line":235,"column":81}},"loc":{"start":{"line":235,"column":89},"end":{"line":235,"column":101}}},"34":{"name":"(anonymous_51)","decl":{"start":{"line":240,"column":77},"end":{"line":240,"column":78}},"loc":{"start":{"line":240,"column":86},"end":{"line":240,"column":98}}},"35":{"name":"(anonymous_52)","decl":{"start":{"line":241,"column":75},"end":{"line":241,"column":76}},"loc":{"start":{"line":241,"column":84},"end":{"line":241,"column":94}}}},"branchMap":{"0":{"loc":{"start":{"line":200,"column":4},"end":{"line":202,"column":11}},"type":"switch","locations":[{"start":{"line":200,"column":4},"end":{"line":202,"column":11}},{"start":{"line":203,"column":4},"end":{"line":205,"column":11}},{"start":{"line":206,"column":4},"end":{"line":208,"column":11}},{"start":{"line":209,"column":4},"end":{"line":211,"column":11}},{"start":{"line":212,"column":4},"end":{"line":214,"column":11}},{"start":{"line":215,"column":4},"end":{"line":217,"column":11}}]},"1":{"loc":{"start":{"line":224,"column":81},"end":{"line":224,"column":91}},"type":"cond-expr","locations":[{"start":{"line":224,"column":81},"end":{"line":224,"column":91}},{"start":{"line":224,"column":94},"end":{"line":224,"column":113}}]}},"s":{"0":3,"1":3,"2":3,"3":3,"4":3,"5":3,"6":3,"7":525,"8":3,"9":3,"10":3,"11":27,"12":3,"13":3,"14":1,"15":1,"16":1,"17":4,"18":4,"19":3,"20":1,"21":1,"22":0,"23":1,"24":1,"25":3,"26":1,"27":1,"28":0,"29":0,"30":0,"31":1,"32":1,"33":3,"34":5,"35":9,"36":8,"37":4,"38":501,"39":501,"40":3,"41":18,"42":3,"43":3,"44":3,"45":3,"46":3,"47":3,"48":3,"49":3,"50":3,"51":3,"52":3,"53":3,"54":18,"55":18,"56":6,"57":6,"58":0,"59":0,"60":0,"61":0,"62":0,"63":6,"64":6,"65":6,"66":18,"67":3,"68":3,"69":3,"70":3,"71":3,"72":3},"f":{"0":525,"1":27,"2":1,"3":1,"4":1,"5":4,"6":4,"7":1,"8":1,"9":0,"10":1,"11":1,"12":1,"13":1,"14":0,"15":0,"16":0,"17":1,"18":1,"19":5,"20":9,"21":4,"22":8,"23":501,"24":501,"25":18,"26":6,"27":6,"28":0,"29":0,"30":0,"31":0,"32":0,"33":6,"34":6,"35":6},"b":{"0":[3,3,3,3,3,3],"1":[6,0]}}
,"/Users/ericmoore/Web/emoo-re/src/utils/batchChunks.ts": {"path":"/Users/ericmoore/Web/emoo-re/src/utils/batchChunks.ts","statementMap":{"0":{"start":{"line":1,"column":45},"end":{"line":1,"column":null}},"1":{"start":{"line":2,"column":12},"end":{"line":2,"column":27}},"2":{"start":{"line":2,"column":27},"end":{"line":2,"column":44}},"3":{"start":{"line":2,"column":42},"end":{"line":2,"column":44}},"4":{"start":{"line":3,"column":14},"end":{"line":3,"column":44}},"5":{"start":{"line":4,"column":8},"end":{"line":4,"column":null}},"6":{"start":{"line":5,"column":8},"end":{"line":5,"column":null}},"7":{"start":{"line":2,"column":44},"end":{"line":2,"column":null}},"8":{"start":{"line":7,"column":4},"end":{"line":7,"column":null}},"9":{"start":{"line":1,"column":0},"end":{"line":1,"column":18}},"10":{"start":{"line":13,"column":35},"end":{"line":21,"column":null}},"11":{"start":{"line":13,"column":92},"end":{"line":21,"column":null}},"12":{"start":{"line":14,"column":4},"end":{"line":14,"column":null}},"13":{"start":{"line":14,"column":16},"end":{"line":14,"column":null}},"14":{"start":{"line":14,"column":33},"end":{"line":14,"column":null}},"15":{"start":{"line":14,"column":38},"end":{"line":14,"column":null}},"16":{"start":{"line":16,"column":8},"end":{"line":16,"column":null}},"17":{"start":{"line":17,"column":23},"end":{"line":17,"column":null}},"18":{"start":{"line":17,"column":15},"end":{"line":17,"column":23}},"19":{"start":{"line":18,"column":13},"end":{"line":18,"column":24}},"20":{"start":{"line":18,"column":24},"end":{"line":18,"column":43}},"21":{"start":{"line":18,"column":7},"end":{"line":18,"column":null}},"22":{"start":{"line":20,"column":4},"end":{"line":20,"column":null}},"23":{"start":{"line":13,"column":13},"end":{"line":13,"column":35}},"24":{"start":{"line":24,"column":27},"end":{"line":35,"column":null}},"25":{"start":{"line":28,"column":45},"end":{"line":35,"column":null}},"26":{"start":{"line":30,"column":8},"end":{"line":30,"column":null}},"27":{"start":{"line":31,"column":23},"end":{"line":31,"column":null}},"28":{"start":{"line":31,"column":15},"end":{"line":31,"column":23}},"29":{"start":{"line":32,"column":20},"end":{"line":32,"column":28}},"30":{"start":{"line":32,"column":28},"end":{"line":32,"column":40}},"31":{"start":{"line":32,"column":40},"end":{"line":32,"column":59}},"32":{"start":{"line":32,"column":14},"end":{"line":32,"column":null}},"33":{"start":{"line":32,"column":7},"end":{"line":32,"column":null}},"34":{"start":{"line":34,"column":4},"end":{"line":34,"column":null}},"35":{"start":{"line":24,"column":13},"end":{"line":24,"column":27}},"36":{"start":{"line":37,"column":0},"end":{"line":37,"column":null}}},"fnMap":{"0":{"name":"chunky","decl":{"start":{"line":1,"column":18},"end":{"line":1,"column":24}},"loc":{"start":{"line":1,"column":58},"end":{"line":8,"column":null}}},"1":{"name":"(anonymous_17)","decl":{"start":{"line":13,"column":35},"end":{"line":13,"column":47}},"loc":{"start":{"line":13,"column":92},"end":{"line":21,"column":null}}},"2":{"name":"(anonymous_18)","decl":{"start":{"line":13,"column":92},"end":{"line":13,"column":null}},"loc":{"start":{"line":13,"column":92},"end":{"line":21,"column":null}}},"3":{"name":"(anonymous_20)","decl":{"start":{"line":14,"column":25},"end":{"line":14,"column":32}},"loc":{"start":{"line":14,"column":33},"end":{"line":14,"column":null}}},"4":{"name":"(anonymous_21)","decl":{"start":{"line":14,"column":33},"end":{"line":14,"column":38}},"loc":{"start":{"line":14,"column":33},"end":{"line":14,"column":null}}},"5":{"name":"(anonymous_23)","decl":{"start":{"line":24,"column":27},"end":{"line":24,"column":null}},"loc":{"start":{"line":28,"column":45},"end":{"line":35,"column":null}}},"6":{"name":"(anonymous_24)","decl":{"start":{"line":28,"column":45},"end":{"line":28,"column":null}},"loc":{"start":{"line":28,"column":45},"end":{"line":35,"column":null}}}},"branchMap":{"0":{"loc":{"start":{"line":1,"column":45},"end":{"line":1,"column":null}},"type":"if","locations":[{"start":{"line":1,"column":45},"end":{"line":1,"column":null}},{"start":{"line":1,"column":45},"end":{"line":1,"column":null}}]},"1":{"loc":{"start":{"line":7,"column":4},"end":{"line":7,"column":null}},"type":"switch","locations":[{"start":{"line":7,"column":4},"end":{"line":7,"column":null}}]},"2":{"loc":{"start":{"line":2,"column":27},"end":{"line":2,"column":44}},"type":"if","locations":[{"start":{"line":2,"column":27},"end":{"line":2,"column":44}},{"start":{"line":2,"column":27},"end":{"line":2,"column":44}}]},"3":{"loc":{"start":{"line":20,"column":4},"end":{"line":20,"column":null}},"type":"switch","locations":[{"start":{"line":20,"column":4},"end":{"line":20,"column":null}}]},"4":{"loc":{"start":{"line":14,"column":4},"end":{"line":14,"column":null}},"type":"if","locations":[{"start":{"line":14,"column":4},"end":{"line":14,"column":null}},{"start":{"line":14,"column":4},"end":{"line":14,"column":null}}]},"5":{"loc":{"start":{"line":32,"column":14},"end":{"line":32,"column":null}},"type":"switch","locations":[{"start":{"line":32,"column":14},"end":{"line":32,"column":null}},{"start":{"line":34,"column":4},"end":{"line":34,"column":null}}]}},"s":{"0":8,"1":4,"2":24,"3":4,"4":20,"5":20,"6":40,"7":20,"8":4,"9":1,"10":1,"11":0,"12":0,"13":0,"14":0,"15":0,"16":0,"17":0,"18":0,"19":0,"20":0,"21":0,"22":0,"23":1,"24":1,"25":0,"26":0,"27":0,"28":0,"29":0,"30":0,"31":0,"32":0,"33":0,"34":0,"35":1,"36":1},"f":{"0":4,"1":0,"2":0,"3":0,"4":0,"5":0,"6":0},"b":{"0":[4,0],"1":[4],"2":[4,20],"3":[0],"4":[0,0],"5":[0,0]}}
,"/Users/ericmoore/Web/emoo-re/src/utils/dateFmt.ts": {"path":"/Users/ericmoore/Web/emoo-re/src/utils/dateFmt.ts","statementMap":{"0":{"start":{"line":22,"column":24},"end":{"line":55,"column":1}},"1":{"start":{"line":22,"column":25},"end":{"line":22,"column":null}},"2":{"start":{"line":23,"column":15},"end":{"line":23,"column":28}},"3":{"start":{"line":23,"column":27},"end":{"line":23,"column":null}},"4":{"start":{"line":24,"column":25},"end":{"line":24,"column":42}},"5":{"start":{"line":25,"column":28},"end":{"line":25,"column":53}},"6":{"start":{"line":26,"column":4},"end":{"line":54,"column":null}},"7":{"start":{"line":27,"column":18},"end":{"line":27,"column":33}},"8":{"start":{"line":28,"column":21},"end":{"line":28,"column":47}},"9":{"start":{"line":29,"column":19},"end":{"line":29,"column":59}},"10":{"start":{"line":30,"column":19},"end":{"line":30,"column":50}},"11":{"start":{"line":31,"column":19},"end":{"line":31,"column":45}},"12":{"start":{"line":32,"column":19},"end":{"line":32,"column":46}},"13":{"start":{"line":33,"column":19},"end":{"line":33,"column":48}},"14":{"start":{"line":34,"column":19},"end":{"line":34,"column":48}},"15":{"start":{"line":35,"column":20},"end":{"line":35,"column":66}},"16":{"start":{"line":36,"column":20},"end":{"line":36,"column":69}},"17":{"start":{"line":37,"column":19},"end":{"line":37,"column":53}},"18":{"start":{"line":38,"column":21},"end":{"line":38,"column":52}},"19":{"start":{"line":39,"column":19},"end":{"line":39,"column":32}},"20":{"start":{"line":41,"column":8},"end":{"line":53,"column":null}},"21":{"start":{"line":22,"column":14},"end":{"line":22,"column":24}},"22":{"start":{"line":57,"column":27},"end":{"line":57,"column":61}},"23":{"start":{"line":57,"column":13},"end":{"line":57,"column":27}},"24":{"start":{"line":59,"column":13},"end":{"line":59,"column":null}},"25":{"start":{"line":60,"column":13},"end":{"line":60,"column":null}},"26":{"start":{"line":61,"column":13},"end":{"line":61,"column":null}},"27":{"start":{"line":62,"column":13},"end":{"line":62,"column":null}},"28":{"start":{"line":63,"column":13},"end":{"line":63,"column":null}},"29":{"start":{"line":65,"column":0},"end":{"line":65,"column":null}}},"fnMap":{"0":{"name":"(anonymous_0)","decl":{"start":{"line":22,"column":24},"end":{"line":22,"column":25}},"loc":{"start":{"line":22,"column":50},"end":{"line":55,"column":1}}},"1":{"name":"(anonymous_1)","decl":{"start":{"line":23,"column":15},"end":{"line":23,"column":16}},"loc":{"start":{"line":23,"column":24},"end":{"line":23,"column":28}}},"2":{"name":"(anonymous_2)","decl":{"start":{"line":26,"column":11},"end":{"line":26,"column":12}},"loc":{"start":{"line":26,"column":24},"end":{"line":54,"column":5}}},"3":{"name":"(anonymous_3)","decl":{"start":{"line":57,"column":27},"end":{"line":57,"column":28}},"loc":{"start":{"line":57,"column":56},"end":{"line":57,"column":61}}}},"branchMap":{"0":{"loc":{"start":{"line":22,"column":25},"end":{"line":22,"column":null}},"type":"if","locations":[{"start":{"line":22,"column":25},"end":{"line":22,"column":null}},{"start":{"line":22,"column":25},"end":{"line":22,"column":null}}]},"1":{"loc":{"start":{"line":38,"column":41},"end":{"line":38,"column":45}},"type":"cond-expr","locations":[{"start":{"line":38,"column":41},"end":{"line":38,"column":45}},{"start":{"line":38,"column":48},"end":{"line":38,"column":52}}]}},"s":{"0":4,"1":51,"2":51,"3":133,"4":51,"5":51,"6":51,"7":19,"8":19,"9":19,"10":19,"11":19,"12":19,"13":19,"14":19,"15":19,"16":19,"17":19,"18":19,"19":19,"20":19,"21":4,"22":4,"23":4,"24":4,"25":4,"26":4,"27":4,"28":4,"29":4},"f":{"0":51,"1":133,"2":19,"3":0},"b":{"0":[0,51],"1":[12,7]}}
}
