TN:
SF:src/entities.ts
FN:73,(anonymous_16)
FN:82,(anonymous_17)
FN:97,(anonymous_18)
FN:98,(anonymous_19)
FN:99,(anonymous_20)
FN:111,(anonymous_21)
FN:112,(anonymous_22)
FN:126,(anonymous_23)
FN:127,(anonymous_24)
FN:128,(anonymous_25)
FN:137,(anonymous_26)
FN:138,(anonymous_27)
FN:144,(anonymous_28)
FN:145,(anonymous_29)
FN:146,(anonymous_30)
FN:146,(anonymous_31)
FN:147,(anonymous_32)
FN:165,(anonymous_33)
FN:166,(anonymous_34)
FN:172,(anonymous_35)
FN:173,(anonymous_36)
FN:174,(anonymous_37)
FN:174,(anonymous_38)
FN:189,(anonymous_40)
FN:191,(anonymous_41)
FN:196,(anonymous_42)
FN:223,(anonymous_43)
FN:224,(anonymous_44)
FN:225,(anonymous_45)
FN:226,(anonymous_46)
FN:227,(anonymous_47)
FN:228,(anonymous_48)
FN:228,(anonymous_49)
FN:235,(anonymous_50)
FN:240,(anonymous_51)
FN:241,(anonymous_52)
FNF:36
FNH:27
FNDA:525,(anonymous_16)
FNDA:27,(anonymous_17)
FNDA:1,(anonymous_18)
FNDA:1,(anonymous_19)
FNDA:1,(anonymous_20)
FNDA:4,(anonymous_21)
FNDA:4,(anonymous_22)
FNDA:1,(anonymous_23)
FNDA:1,(anonymous_24)
FNDA:0,(anonymous_25)
FNDA:1,(anonymous_26)
FNDA:1,(anonymous_27)
FNDA:1,(anonymous_28)
FNDA:1,(anonymous_29)
FNDA:0,(anonymous_30)
FNDA:0,(anonymous_31)
FNDA:0,(anonymous_32)
FNDA:1,(anonymous_33)
FNDA:1,(anonymous_34)
FNDA:5,(anonymous_35)
FNDA:9,(anonymous_36)
FNDA:4,(anonymous_37)
FNDA:8,(anonymous_38)
FNDA:501,(anonymous_40)
FNDA:501,(anonymous_41)
FNDA:18,(anonymous_42)
FNDA:6,(anonymous_43)
FNDA:6,(anonymous_44)
FNDA:0,(anonymous_45)
FNDA:0,(anonymous_46)
FNDA:0,(anonymous_47)
FNDA:0,(anonymous_48)
FNDA:0,(anonymous_49)
FNDA:6,(anonymous_50)
FNDA:6,(anonymous_51)
FNDA:6,(anonymous_52)
DA:3,3
DA:4,3
DA:6,3
DA:7,3
DA:10,3
DA:11,3
DA:73,525
DA:75,3
DA:82,27
DA:96,3
DA:97,1
DA:98,1
DA:99,1
DA:111,4
DA:112,4
DA:125,3
DA:126,1
DA:127,1
DA:128,0
DA:137,1
DA:138,1
DA:143,3
DA:144,1
DA:145,1
DA:146,0
DA:147,0
DA:165,1
DA:166,1
DA:171,3
DA:172,5
DA:173,9
DA:174,8
DA:189,501
DA:191,501
DA:196,3
DA:199,18
DA:201,3
DA:202,3
DA:204,3
DA:205,3
DA:207,3
DA:208,3
DA:210,3
DA:211,3
DA:213,3
DA:214,3
DA:216,3
DA:217,3
DA:220,18
DA:222,18
DA:223,6
DA:224,6
DA:225,0
DA:226,0
DA:227,0
DA:228,0
DA:235,6
DA:240,6
DA:241,6
DA:245,18
DA:248,3
DA:249,3
DA:250,3
DA:251,3
DA:252,3
DA:253,3
LF:66
LH:59
BRDA:200,0,0,3
BRDA:200,0,1,3
BRDA:200,0,2,3
BRDA:200,0,3,3
BRDA:200,0,4,3
BRDA:200,0,5,3
BRDA:224,1,0,6
BRDA:224,1,1,0
BRF:8
BRH:7
end_of_record
TN:
SF:src/utils/batchChunks.ts
FN:1,chunky
FN:13,(anonymous_17)
FN:13,(anonymous_18)
FN:14,(anonymous_20)
FN:14,(anonymous_21)
FN:24,(anonymous_23)
FN:28,(anonymous_24)
FNF:7
FNH:1
FNDA:4,chunky
FNDA:0,(anonymous_17)
FNDA:0,(anonymous_18)
FNDA:0,(anonymous_20)
FNDA:0,(anonymous_21)
FNDA:0,(anonymous_23)
FNDA:0,(anonymous_24)
DA:1,8
DA:2,24
DA:3,20
DA:4,20
DA:5,40
DA:7,4
DA:13,1
DA:14,0
DA:16,0
DA:17,0
DA:18,0
DA:20,0
DA:24,1
DA:28,0
DA:30,0
DA:31,0
DA:32,0
DA:34,0
DA:37,1
LF:19
LH:9
BRDA:1,0,0,4
BRDA:1,0,1,0
BRDA:7,1,0,4
BRDA:2,2,0,4
BRDA:2,2,1,20
BRDA:20,3,0,0
BRDA:14,4,0,0
BRDA:14,4,1,0
BRDA:32,5,0,0
BRDA:32,5,1,0
BRF:10
BRH:4
end_of_record
TN:
SF:src/utils/dateFmt.ts
FN:22,(anonymous_0)
FN:23,(anonymous_1)
FN:26,(anonymous_2)
FN:57,(anonymous_3)
FNF:4
FNH:3
FNDA:51,(anonymous_0)
FNDA:133,(anonymous_1)
FNDA:19,(anonymous_2)
FNDA:0,(anonymous_3)
DA:22,51
DA:23,133
DA:24,51
DA:25,51
DA:26,51
DA:27,19
DA:28,19
DA:29,19
DA:30,19
DA:31,19
DA:32,19
DA:33,19
DA:34,19
DA:35,19
DA:36,19
DA:37,19
DA:38,19
DA:39,19
DA:41,19
DA:57,4
DA:59,4
DA:60,4
DA:61,4
DA:62,4
DA:63,4
DA:65,4
LF:26
LH:26
BRDA:22,0,0,0
BRDA:22,0,1,51
BRDA:38,1,0,12
BRDA:38,1,1,7
BRF:4
BRH:3
end_of_record
